<?xml version="1.0" encoding="UTF-8"?>
<testsuite name="runner.TestRunner" time="102.826" tests="4" errors="0" skipped="0" failures="0">
  <properties>
[...]
</properties>
  <testcase name="Verify Login Functionality" classname="Smoke and Regression of Banking Application" time="31.848"/>
  <testcase name="Verify User in Banking Application #1" classname="Smoke and Regression of Banking Application" time="22.679"/>
  <testcase name="Verify User in Banking Application #2" classname="Smoke and Regression of Banking Application" time="25.986"/>
  <testcase name="Verify User in Banking Application #3" classname="Smoke and Regression of Banking Application" time="22.313"/>
</testsuite>